<?xml version="1.0" encoding="UTF-8"?>
<!-- Generated by org.testng.reporters.JUnitReportReporter -->
<testsuite hostname="DESKTOP-BKRS94F" name="Selenium.TC_001" tests="1" failures="0" timestamp="30 Mar 2020 13:51:41 GMT" time="12.251" errors="0">
  <testcase name="Testcase1" time="12.251" classname="Selenium.TC_001"/>
</testsuite> <!-- Selenium.TC_001 -->
