<?xml version="1.0" encoding="UTF-8"?>
<!-- Generated by org.testng.reporters.JUnitReportReporter -->
<testsuite hostname="DESKTOP-BKRS94F" name="Selenium.TC_2" tests="1" failures="0" timestamp="30 Mar 2020 13:51:41 GMT" time="14.161" errors="0">
  <testcase name="Testcase1" time="14.161" classname="Selenium.TC_2"/>
</testsuite> <!-- Selenium.TC_2 -->
